2025-11-04 20:23:06.257 | INFO     | src.main:lifespan:29 - Starting up AI Resume Parser API...
2025-11-04 20:23:06.259 | INFO     | src.main:lifespan:30 - Environment: development
2025-11-04 20:23:06.264 | INFO     | src.main:lifespan:31 - API Version: 1.0.0
2025-11-04 20:23:06.310 | INFO     | src.main:lifespan:36 - Database tables created/verified successfully
2025-11-04 20:23:18.550 | INFO     | src.main:log_requests:106 - Incoming request: POST /api/v1/resumes/upload
2025-11-04 20:23:18.582 | ERROR    | src.api.routes.resumes:upload_resume:126 - Upload failed: 'int' object has no attribute 'seek'
2025-11-04 20:23:18.587 | INFO     | src.main:log_requests:116 - Request completed: POST /api/v1/resumes/upload Status: 500 Time: 0.037s
2025-11-04 20:23:22.521 | INFO     | src.main:log_requests:106 - Incoming request: POST /api/v1/resumes/upload
2025-11-04 20:23:22.523 | ERROR    | src.api.routes.resumes:upload_resume:126 - Upload failed: 'int' object has no attribute 'seek'
2025-11-04 20:23:22.523 | INFO     | src.main:log_requests:116 - Request completed: POST /api/v1/resumes/upload Status: 500 Time: 0.002s
2025-11-04 20:23:37.697 | INFO     | src.main:log_requests:106 - Incoming request: POST /api/v1/resumes/upload
2025-11-04 20:23:37.803 | ERROR    | src.api.routes.resumes:upload_resume:126 - Upload failed: 'int' object has no attribute 'seek'
2025-11-04 20:23:37.805 | INFO     | src.main:log_requests:116 - Request completed: POST /api/v1/resumes/upload Status: 500 Time: 0.108s
2025-11-04 20:23:41.145 | INFO     | src.main:log_requests:106 - Incoming request: POST /api/v1/resumes/upload
2025-11-04 20:23:41.146 | ERROR    | src.api.routes.resumes:upload_resume:126 - Upload failed: 'int' object has no attribute 'seek'
2025-11-04 20:23:41.146 | INFO     | src.main:log_requests:116 - Request completed: POST /api/v1/resumes/upload Status: 500 Time: 0.001s
2025-11-04 20:23:44.617 | INFO     | src.main:log_requests:106 - Incoming request: GET /docs
2025-11-04 20:23:44.618 | INFO     | src.main:log_requests:116 - Request completed: GET /docs Status: 200 Time: 0.002s
2025-11-04 20:23:44.832 | INFO     | src.main:log_requests:106 - Incoming request: GET /openapi.json
2025-11-04 20:23:44.844 | INFO     | src.main:log_requests:116 - Request completed: GET /openapi.json Status: 200 Time: 0.012s
2025-11-04 20:23:51.176 | INFO     | src.main:log_requests:106 - Incoming request: GET /api/v1/health
2025-11-04 20:23:51.179 | WARNING  | src.api.routes.health:health_check:36 - Database health check failed: Not an executable object: 'SELECT 1'
2025-11-04 20:23:51.181 | INFO     | src.main:log_requests:116 - Request completed: GET /api/v1/health Status: 200 Time: 0.005s
2025-11-04 20:24:03.009 | INFO     | src.main:log_requests:106 - Incoming request: POST /api/v1/resumes/upload
2025-11-04 20:24:03.017 | ERROR    | src.api.routes.resumes:upload_resume:126 - Upload failed: 'int' object has no attribute 'seek'
2025-11-04 20:24:03.026 | INFO     | src.main:log_requests:116 - Request completed: POST /api/v1/resumes/upload Status: 500 Time: 0.017s
2025-11-04 20:26:27.431 | INFO     | src.main:lifespan:43 - Shutting down AI Resume Parser API...
