2025-11-04 20:03:50.917 | INFO     | src.main:lifespan:29 - Starting up AI Resume Parser API...
2025-11-04 20:03:50.917 | INFO     | src.main:lifespan:30 - Environment: development
2025-11-04 20:03:50.917 | INFO     | src.main:lifespan:31 - API Version: 1.0.0
2025-11-04 20:03:50.917 | INFO     | src.main:lifespan:29 - Starting up AI Resume Parser API...
2025-11-04 20:03:50.917 | INFO     | src.main:lifespan:30 - Environment: development
2025-11-04 20:03:50.926 | INFO     | src.main:lifespan:31 - API Version: 1.0.0
2025-11-04 20:03:50.959 | INFO     | src.main:lifespan:36 - Database tables created/verified successfully
2025-11-04 20:03:50.959 | INFO     | src.main:lifespan:36 - Database tables created/verified successfully
2025-11-04 20:03:55.896 | INFO     | src.main:log_requests:106 - Incoming request: POST /api/v1/resumes/upload
2025-11-04 20:03:55.898 | ERROR    | src.api.routes.resumes:upload_resume:126 - Upload failed: 'int' object has no attribute 'seek'
2025-11-04 20:03:55.904 | INFO     | src.main:log_requests:116 - Request completed: POST /api/v1/resumes/upload Status: 500 Time: 0.008s
2025-11-04 20:03:58.779 | INFO     | src.main:log_requests:106 - Incoming request: GET /docs
2025-11-04 20:03:58.780 | INFO     | src.main:log_requests:116 - Request completed: GET /docs Status: 200 Time: 0.002s
2025-11-04 20:03:58.987 | INFO     | src.main:log_requests:106 - Incoming request: GET /openapi.json
2025-11-04 20:03:58.999 | INFO     | src.main:log_requests:116 - Request completed: GET /openapi.json Status: 200 Time: 0.012s
2025-11-04 20:04:06.675 | INFO     | src.main:log_requests:106 - Incoming request: POST /api/v1/resumes/upload
2025-11-04 20:04:06.679 | ERROR    | src.api.routes.resumes:upload_resume:126 - Upload failed: 'int' object has no attribute 'seek'
2025-11-04 20:04:06.679 | INFO     | src.main:log_requests:116 - Request completed: POST /api/v1/resumes/upload Status: 500 Time: 0.004s
2025-11-04 20:04:11.795 | INFO     | src.main:log_requests:106 - Incoming request: POST /api/v1/resumes/upload
2025-11-04 20:04:11.801 | ERROR    | src.api.routes.resumes:upload_resume:126 - Upload failed: 'int' object has no attribute 'seek'
2025-11-04 20:04:11.809 | INFO     | src.main:log_requests:116 - Request completed: POST /api/v1/resumes/upload Status: 500 Time: 0.012s
2025-11-04 20:04:18.251 | INFO     | src.main:log_requests:106 - Incoming request: POST /api/v1/resumes/upload
2025-11-04 20:04:18.252 | ERROR    | src.api.routes.resumes:upload_resume:126 - Upload failed: 'int' object has no attribute 'seek'
2025-11-04 20:04:18.253 | INFO     | src.main:log_requests:116 - Request completed: POST /api/v1/resumes/upload Status: 500 Time: 0.003s
2025-11-04 20:21:48.078 | INFO     | src.main:lifespan:43 - Shutting down AI Resume Parser API...
2025-11-04 20:21:48.134 | INFO     | src.main:lifespan:43 - Shutting down AI Resume Parser API...
